https://blog.jling.dev,https://blog.jling.dev/rss
https://ioerr.github.io/,https://ioerr.github.io/index.xml
https://blog.jling.dev,https://blog.forecho.com/atom.xml
https://samwanng.com/,https://samwanng.com/feed.xml
http://maliquankai.com,http://maliquankai.com/atom.xml
http://hawstein.com/,http://hawstein.com/feed.xml
https://old-panda.com/,https://old-panda.com/feed/
http://lapsy.xyz/
https://nova.moe,https://nova.moe/feed
https://s5s5.me,https://s5s5.me/feed
https://cn.apkjam.com,https://cn.apkjam.com/feed.xml
https://yalv.me,https://yalv.me/feed/
https://www.liaoyuqin.com,https://www.liaoyuqin.com/feed
https://wheat.at,https://wheat.at/feed.xml
https://www.jinbo123.com,https://www.jinbo123.com/feed
http://favfavfav.com,http://favfavfav.com/feed.xml
http://douyingxin.com,http://douyingxin.com/feed
https://singsing.io/blog
https://mianao.info,https://mianao.info/feed
http://sumaolin.com/,http://sumaolin.com/atom.xml
http://maodoupi.com/,http://maodoupi.com/feed
https://chensenlin.cn/,https://chensenlin.cn/atom.xml
https://xinle.co,https://xinle.co/feed/
http://byte.coffee,http://byte.coffee/feed
https://wuze.me,https://note.wuze.me/feed
http://atjason.com,https://atjason.com/atom.xml
http://yuezhu.org,http://yuezhu.org/feed
http://www.tickmao.com/,http://www.tickmao.com/feed.xml
https://www.kawabangga.com/,https://www.kawabangga.com/feed
http://www.nansey.me,http://www.nansey.me/feed/
https://chorder.net,https://rsshub.app/hexo/yilia/chorder.net
https://code4fun.me
https://digitalimmigrant.org/,https://digitalimmigrant.org/feed
https://huoding.com/,https://huoding.com/feed
https://haohailong.net,https://haohailong.net/feed/
https://hubertwang.me,https://hubertwang.me/feed
https://webview.tech/category/original/,https://webview.tech/feed/
https://lisan.io/liqixcreator,https://lisan.io/liqixcreator?format=RSS
https://liqixpodcast.typlog.io/,https://liqixpodcast.typlog.io/feed.xml
https://chengbao.bitcron.com/,https://chengbao.bitcron.com/feed
https://underwaternya.github.io/,https://underwaternya.github.io/feed.xml
https://lisan.io/,https://lisan.io/podcast?format=RSS
https://dbarobin.com/,https://dbarobin.com/feed.xml
https://unee.wang,http://unee.wang/feed
https://blog.quyi.de/
https://blog.eric.ec/,https://blog.eric.ec/feed
https://afoo.me/posts.html,https://afoo.me/feeds.xml
https://lutaonan.com/,https://lutaonan.com/rss.xml
https://miao.hu,https://miao.hu/atom.xml
https://dsdshcym.github.io/blog/,https://dsdshcym.github.io/rss.xml
https://blog.forecho.com,https://blog.forecho.com/atom.xml
https://blog.ykqmain.com/,http://blog.ykqmain.com/atom.xml
http://chanjh.com
https://crispgm.com/,https://crispgm.com/feed.xml
https://wenzhiquan.github.io/,https://wenzhiquan.github.io/atom.xml
https://ihomway.cc,https://rsshub.app/hexo/next/ihomway.cc/
https://lxlrachel.wordpress.com/,https://lxlrachel.wordpress.com/feed/
https://tofuillust.blog,https://tofuillust.blog/feed/